# JRE version: Java(TM) SE Runtime Environment (8.0_281-b09) (build 1.8.0_281-b09)
# Java VM: Java HotSpot(TM) 64-Bit Server VM (25.281-b09 mixed mode windows-amd64 compressed oops)
Heap:
 PSYoungGen      total 76288K, used 45904K [0x00000000f5580000, 0x00000000fd080000, 0x0000000100000000)
  eden space 65536K, 57% used [0x00000000f5580000,0x00000000f7a84520,0x00000000f9580000)
  from space 10752K, 74% used [0x00000000f9580000,0x00000000f9d4fe48,0x00000000fa000000)
  to   space 11776K, 0% used [0x00000000fc500000,0x00000000fc500000,0x00000000fd080000)
 ParOldGen       total 175104K, used 8078K [0x00000000e0000000, 0x00000000eab00000, 0x00000000f5580000)
  object space 175104K, 4% used [0x00000000e0000000,0x00000000e07e3a78,0x00000000eab00000)
 Metaspace       used 30805K, capacity 31902K, committed 32000K, reserved 1077248K
  class space    used 4343K, capacity 4586K, committed 4608K, reserved 1048576K
GC Heap History (10 events):
Event: 3.219 GC heap before
{Heap before GC invocations=2 (full 0):
 PSYoungGen      total 76288K, used 71553K [0x00000000f5580000, 0x00000000faa80000, 0x0000000100000000)
  eden space 65536K, 100% used [0x00000000f5580000,0x00000000f9580000,0x00000000f9580000)
  from space 10752K, 55% used [0x00000000f9580000,0x00000000f9b60660,0x00000000fa000000)
  to   space 10752K, 0% used [0x00000000fa000000,0x00000000fa000000,0x00000000faa80000)
 ParOldGen       total 175104K, used 16K [0x00000000e0000000, 0x00000000eab00000, 0x00000000f5580000)
  object space 175104K, 0% used [0x00000000e0000000,0x00000000e0004000,0x00000000eab00000)
 Metaspace       used 14131K, capacity 14544K, committed 14720K, reserved 1062912K
  class space    used 1985K, capacity 2132K, committed 2176K, reserved 1048576K
Event: 3.227 GC heap after
Heap after GC invocations=2 (full 0):
 PSYoungGen      total 76288K, used 9185K [0x00000000f5580000, 0x00000000faa80000, 0x0000000100000000)
  eden space 65536K, 0% used [0x00000000f5580000,0x00000000f5580000,0x00000000f9580000)
  from space 10752K, 85% used [0x00000000fa000000,0x00000000fa8f8728,0x00000000faa80000)
  to   space 10752K, 0% used [0x00000000f9580000,0x00000000f9580000,0x00000000fa000000)
 ParOldGen       total 175104K, used 24K [0x00000000e0000000, 0x00000000eab00000, 0x00000000f5580000)
  object space 175104K, 0% used [0x00000000e0000000,0x00000000e0006000,0x00000000eab00000)
 Metaspace       used 14131K, capacity 14544K, committed 14720K, reserved 1062912K
  class space    used 1985K, capacity 2132K, committed 2176K, reserved 1048576K
}
Event: 4.561 GC heap before
{Heap before GC invocations=3 (full 0):
 PSYoungGen      total 76288K, used 74721K [0x00000000f5580000, 0x00000000faa80000, 0x0000000100000000)
  eden space 65536K, 100% used [0x00000000f5580000,0x00000000f9580000,0x00000000f9580000)
  from space 10752K, 85% used [0x00000000fa000000,0x00000000fa8f8728,0x00000000faa80000)
  to   space 10752K, 0% used [0x00000000f9580000,0x00000000f9580000,0x00000000fa000000)
 ParOldGen       total 175104K, used 24K [0x00000000e0000000, 0x00000000eab00000, 0x00000000f5580000)
  object space 175104K, 0% used [0x00000000e0000000,0x00000000e0006000,0x00000000eab00000)
 Metaspace       used 19229K, capacity 19940K, committed 20224K, reserved 1067008K
  class space    used 2808K, capacity 3018K, committed 3072K, reserved 1048576K
Event: 4.570 GC heap after
Heap after GC invocations=3 (full 0):
 PSYoungGen      total 76288K, used 10746K [0x00000000f5580000, 0x00000000faa80000, 0x0000000100000000)
  eden space 65536K, 0% used [0x00000000f5580000,0x00000000f5580000,0x00000000f9580000)
  from space 10752K, 99% used [0x00000000f9580000,0x00000000f9ffe990,0x00000000fa000000)
  to   space 10752K, 0% used [0x00000000fa000000,0x00000000fa000000,0x00000000faa80000)
 ParOldGen       total 175104K, used 793K [0x00000000e0000000, 0x00000000eab00000, 0x00000000f5580000)
  object space 175104K, 0% used [0x00000000e0000000,0x00000000e00c65c8,0x00000000eab00000)
 Metaspace       used 19229K, capacity 19940K, committed 20224K, reserved 1067008K
  class space    used 2808K, capacity 3018K, committed 3072K, reserved 1048576K
}
Event: 4.801 GC heap before
{Heap before GC invocations=4 (full 0):
 PSYoungGen      total 76288K, used 28143K [0x00000000f5580000, 0x00000000faa80000, 0x0000000100000000)
  eden space 65536K, 26% used [0x00000000f5580000,0x00000000f667d300,0x00000000f9580000)
  from space 10752K, 99% used [0x00000000f9580000,0x00000000f9ffe990,0x00000000fa000000)
  to   space 10752K, 0% used [0x00000000fa000000,0x00000000fa000000,0x00000000faa80000)
 ParOldGen       total 175104K, used 793K [0x00000000e0000000, 0x00000000eab00000, 0x00000000f5580000)
  object space 175104K, 0% used [0x00000000e0000000,0x00000000e00c65c8,0x00000000eab00000)
 Metaspace       used 20406K, capacity 21122K, committed 21296K, reserved 1067008K
  class space    used 3005K, capacity 3193K, committed 3200K, reserved 1048576K
Event: 4.808 GC heap after
Heap after GC invocations=4 (full 0):
 PSYoungGen      total 76288K, used 8245K [0x00000000f5580000, 0x00000000fea80000, 0x0000000100000000)
  eden space 65536K, 0% used [0x00000000f5580000,0x00000000f5580000,0x00000000f9580000)
  from space 10752K, 76% used [0x00000000fa000000,0x00000000fa80d708,0x00000000faa80000)
  to   space 10752K, 0% used [0x00000000f9580000,0x00000000f9580000,0x00000000fa000000)
 ParOldGen       total 175104K, used 801K [0x00000000e0000000, 0x00000000eab00000, 0x00000000f5580000)
  object space 175104K, 0% used [0x00000000e0000000,0x00000000e00c85c8,0x00000000eab00000)
 Metaspace       used 20406K, capacity 21122K, committed 21296K, reserved 1067008K
  class space    used 3005K, capacity 3193K, committed 3200K, reserved 1048576K
}
Event: 4.808 GC heap before
{Heap before GC invocations=5 (full 1):
 PSYoungGen      total 76288K, used 8245K [0x00000000f5580000, 0x00000000fea80000, 0x0000000100000000)
  eden space 65536K, 0% used [0x00000000f5580000,0x00000000f5580000,0x00000000f9580000)
  from space 10752K, 76% used [0x00000000fa000000,0x00000000fa80d708,0x00000000faa80000)
  to   space 10752K, 0% used [0x00000000f9580000,0x00000000f9580000,0x00000000fa000000)
 ParOldGen       total 175104K, used 801K [0x00000000e0000000, 0x00000000eab00000, 0x00000000f5580000)
  object space 175104K, 0% used [0x00000000e0000000,0x00000000e00c85c8,0x00000000eab00000)
 Metaspace       used 20406K, capacity 21122K, committed 21296K, reserved 1067008K
  class space    used 3005K, capacity 3193K, committed 3200K, reserved 1048576K
Event: 4.844 GC heap after
Heap after GC invocations=5 (full 1):
 PSYoungGen      total 76288K, used 0K [0x00000000f5580000, 0x00000000fea80000, 0x0000000100000000)
  eden space 65536K, 0% used [0x00000000f5580000,0x00000000f5580000,0x00000000f9580000)
  from space 10752K, 0% used [0x00000000fa000000,0x00000000fa000000,0x00000000faa80000)
  to   space 10752K, 0% used [0x00000000f9580000,0x00000000f9580000,0x00000000fa000000)
 ParOldGen       total 175104K, used 8070K [0x00000000e0000000, 0x00000000eab00000, 0x00000000f5580000)
  object space 175104K, 4% used [0x00000000e0000000,0x00000000e07e1a78,0x00000000eab00000)
 Metaspace       used 20406K, capacity 21122K, committed 21296K, reserved 1067008K
  class space    used 3005K, capacity 3193K, committed 3200K, reserved 1048576K
}
Event: 5.928 GC heap before
{Heap before GC invocations=6 (full 1):
 PSYoungGen      total 76288K, used 65536K [0x00000000f5580000, 0x00000000fea80000, 0x0000000100000000)
  eden space 65536K, 100% used [0x00000000f5580000,0x00000000f9580000,0x00000000f9580000)
  from space 10752K, 0% used [0x00000000fa000000,0x00000000fa000000,0x00000000faa80000)
  to   space 10752K, 0% used [0x00000000f9580000,0x00000000f9580000,0x00000000fa000000)
 ParOldGen       total 175104K, used 8070K [0x00000000e0000000, 0x00000000eab00000, 0x00000000f5580000)
  object space 175104K, 4% used [0x00000000e0000000,0x00000000e07e1a78,0x00000000eab00000)
 Metaspace       used 27974K, capacity 28850K, committed 29184K, reserved 1075200K
  class space    used 4049K, capacity 4287K, committed 4352K, reserved 1048576K
Event: 5.935 GC heap after
Heap after GC invocations=6 (full 1):
 PSYoungGen      total 76288K, used 7999K [0x00000000f5580000, 0x00000000fd080000, 0x0000000100000000)
  eden space 65536K, 0% used [0x00000000f5580000,0x00000000f5580000,0x00000000f9580000)
  from space 10752K, 74% used [0x00000000f9580000,0x00000000f9d4fe48,0x00000000fa000000)
  to   space 11776K, 0% used [0x00000000fc500000,0x00000000fc500000,0x00000000fd080000)
 ParOldGen       total 175104K, used 8078K [0x00000000e0000000, 0x00000000eab00000, 0x00000000f5580000)
  object space 175104K, 4% used [0x00000000e0000000,0x00000000e07e3a78,0x00000000eab00000)
 Metaspace       used 27974K, capacity 28850K, committed 29184K, reserved 1075200K
  class space    used 4049K, capacity 4287K, committed 4352K, reserved 1048576K
}

