# JRE version: Java(TM) SE Runtime Environment (8.0_281-b09) (build 1.8.0_281-b09)
# Java VM: Java HotSpot(TM) 64-Bit Server VM (25.281-b09 mixed mode windows-amd64 compressed oops)
Heap:
 PSYoungGen      total 112128K, used 56112K [0x00000000f5580000, 0x0000000100000000, 0x0000000100000000)
  eden space 99840K, 56% used [0x00000000f5580000,0x00000000f8c4c2e0,0x00000000fb700000)
  from space 12288K, 0% used [0x00000000fb700000,0x00000000fb700000,0x00000000fc300000)
  to   space 12288K, 0% used [0x00000000ff400000,0x00000000ff400000,0x0000000100000000)
 ParOldGen       total 175104K, used 15654K [0x00000000e0000000, 0x00000000eab00000, 0x00000000f5580000)
  object space 175104K, 8% used [0x00000000e0000000,0x00000000e0f49ad0,0x00000000eab00000)
 Metaspace       used 36362K, capacity 37908K, committed 38144K, reserved 1081344K
  class space    used 5127K, capacity 5509K, committed 5632K, reserved 1048576K
GC Heap History (10 events):
Event: 4.618 GC heap before
{Heap before GC invocations=5 (full 1):
 PSYoungGen      total 76288K, used 8281K [0x00000000f5580000, 0x00000000fea80000, 0x0000000100000000)
  eden space 65536K, 0% used [0x00000000f5580000,0x00000000f5580000,0x00000000f9580000)
  from space 10752K, 77% used [0x00000000fa000000,0x00000000fa816728,0x00000000faa80000)
  to   space 10752K, 0% used [0x00000000f9580000,0x00000000f9580000,0x00000000fa000000)
 ParOldGen       total 175104K, used 739K [0x00000000e0000000, 0x00000000eab00000, 0x00000000f5580000)
  object space 175104K, 0% used [0x00000000e0000000,0x00000000e00b8d30,0x00000000eab00000)
 Metaspace       used 20440K, capacity 21090K, committed 21248K, reserved 1067008K
  class space    used 3011K, capacity 3225K, committed 3328K, reserved 1048576K
Event: 4.652 GC heap after
Heap after GC invocations=5 (full 1):
 PSYoungGen      total 76288K, used 0K [0x00000000f5580000, 0x00000000fea80000, 0x0000000100000000)
  eden space 65536K, 0% used [0x00000000f5580000,0x00000000f5580000,0x00000000f9580000)
  from space 10752K, 0% used [0x00000000fa000000,0x00000000fa000000,0x00000000faa80000)
  to   space 10752K, 0% used [0x00000000f9580000,0x00000000f9580000,0x00000000fa000000)
 ParOldGen       total 175104K, used 8134K [0x00000000e0000000, 0x00000000eab00000, 0x00000000f5580000)
  object space 175104K, 4% used [0x00000000e0000000,0x00000000e07f1b90,0x00000000eab00000)
 Metaspace       used 20440K, capacity 21090K, committed 21248K, reserved 1067008K
  class space    used 3011K, capacity 3225K, committed 3328K, reserved 1048576K
}
Event: 5.820 GC heap before
{Heap before GC invocations=6 (full 1):
 PSYoungGen      total 76288K, used 65536K [0x00000000f5580000, 0x00000000fea80000, 0x0000000100000000)
  eden space 65536K, 100% used [0x00000000f5580000,0x00000000f9580000,0x00000000f9580000)
  from space 10752K, 0% used [0x00000000fa000000,0x00000000fa000000,0x00000000faa80000)
  to   space 10752K, 0% used [0x00000000f9580000,0x00000000f9580000,0x00000000fa000000)
 ParOldGen       total 175104K, used 8134K [0x00000000e0000000, 0x00000000eab00000, 0x00000000f5580000)
  object space 175104K, 4% used [0x00000000e0000000,0x00000000e07f1b90,0x00000000eab00000)
 Metaspace       used 28078K, capacity 28978K, committed 29184K, reserved 1075200K
  class space    used 4060K, capacity 4287K, committed 4352K, reserved 1048576K
Event: 5.827 GC heap after
Heap after GC invocations=6 (full 1):
 PSYoungGen      total 76288K, used 7997K [0x00000000f5580000, 0x00000000fd000000, 0x0000000100000000)
  eden space 65536K, 0% used [0x00000000f5580000,0x00000000f5580000,0x00000000f9580000)
  from space 10752K, 74% used [0x00000000f9580000,0x00000000f9d4f6d0,0x00000000fa000000)
  to   space 11776K, 0% used [0x00000000fc480000,0x00000000fc480000,0x00000000fd000000)
 ParOldGen       total 175104K, used 8142K [0x00000000e0000000, 0x00000000eab00000, 0x00000000f5580000)
  object space 175104K, 4% used [0x00000000e0000000,0x00000000e07f3b90,0x00000000eab00000)
 Metaspace       used 28078K, capacity 28978K, committed 29184K, reserved 1075200K
  class space    used 4060K, capacity 4287K, committed 4352K, reserved 1048576K
}
Event: 11.094 GC heap before
{Heap before GC invocations=7 (full 1):
 PSYoungGen      total 76288K, used 73533K [0x00000000f5580000, 0x00000000fd000000, 0x0000000100000000)
  eden space 65536K, 100% used [0x00000000f5580000,0x00000000f9580000,0x00000000f9580000)
  from space 10752K, 74% used [0x00000000f9580000,0x00000000f9d4f6d0,0x00000000fa000000)
  to   space 11776K, 0% used [0x00000000fc480000,0x00000000fc480000,0x00000000fd000000)
 ParOldGen       total 175104K, used 8142K [0x00000000e0000000, 0x00000000eab00000, 0x00000000f5580000)
  object space 175104K, 4% used [0x00000000e0000000,0x00000000e07f3b90,0x00000000eab00000)
 Metaspace       used 32378K, capacity 33590K, committed 33664K, reserved 1077248K
  class space    used 4607K, capacity 4933K, committed 4992K, reserved 1048576K
Event: 11.106 GC heap after
Heap after GC invocations=7 (full 1):
 PSYoungGen      total 109056K, used 10470K [0x00000000f5580000, 0x00000000fcf00000, 0x0000000100000000)
  eden space 98304K, 0% used [0x00000000f5580000,0x00000000f5580000,0x00000000fb580000)
  from space 10752K, 97% used [0x00000000fc480000,0x00000000fceb98e0,0x00000000fcf00000)
  to   space 12288K, 0% used [0x00000000fb700000,0x00000000fb700000,0x00000000fc300000)
 ParOldGen       total 175104K, used 8150K [0x00000000e0000000, 0x00000000eab00000, 0x00000000f5580000)
  object space 175104K, 4% used [0x00000000e0000000,0x00000000e07f5b90,0x00000000eab00000)
 Metaspace       used 32378K, capacity 33590K, committed 33664K, reserved 1077248K
  class space    used 4607K, capacity 4933K, committed 4992K, reserved 1048576K
}
Event: 11.448 GC heap before
{Heap before GC invocations=8 (full 1):
 PSYoungGen      total 109056K, used 30651K [0x00000000f5580000, 0x00000000fcf00000, 0x0000000100000000)
  eden space 98304K, 20% used [0x00000000f5580000,0x00000000f6935620,0x00000000fb580000)
  from space 10752K, 97% used [0x00000000fc480000,0x00000000fceb98e0,0x00000000fcf00000)
  to   space 12288K, 0% used [0x00000000fb700000,0x00000000fb700000,0x00000000fc300000)
 ParOldGen       total 175104K, used 8150K [0x00000000e0000000, 0x00000000eab00000, 0x00000000f5580000)
  object space 175104K, 4% used [0x00000000e0000000,0x00000000e07f5b90,0x00000000eab00000)
 Metaspace       used 34180K, capacity 35396K, committed 35416K, reserved 1079296K
  class space    used 4776K, capacity 5102K, committed 5120K, reserved 1048576K
Event: 11.458 GC heap after
Heap after GC invocations=8 (full 1):
 PSYoungGen      total 112128K, used 8834K [0x00000000f5580000, 0x0000000100000000, 0x0000000100000000)
  eden space 99840K, 0% used [0x00000000f5580000,0x00000000f5580000,0x00000000fb700000)
  from space 12288K, 71% used [0x00000000fb700000,0x00000000fbfa0a48,0x00000000fc300000)
  to   space 12288K, 0% used [0x00000000ff400000,0x00000000ff400000,0x0000000100000000)
 ParOldGen       total 175104K, used 8158K [0x00000000e0000000, 0x00000000eab00000, 0x00000000f5580000)
  object space 175104K, 4% used [0x00000000e0000000,0x00000000e07f7b90,0x00000000eab00000)
 Metaspace       used 34180K, capacity 35396K, committed 35416K, reserved 1079296K
  class space    used 4776K, capacity 5102K, committed 5120K, reserved 1048576K
}
Event: 11.458 GC heap before
{Heap before GC invocations=9 (full 2):
 PSYoungGen      total 112128K, used 8834K [0x00000000f5580000, 0x0000000100000000, 0x0000000100000000)
  eden space 99840K, 0% used [0x00000000f5580000,0x00000000f5580000,0x00000000fb700000)
  from space 12288K, 71% used [0x00000000fb700000,0x00000000fbfa0a48,0x00000000fc300000)
  to   space 12288K, 0% used [0x00000000ff400000,0x00000000ff400000,0x0000000100000000)
 ParOldGen       total 175104K, used 8158K [0x00000000e0000000, 0x00000000eab00000, 0x00000000f5580000)
  object space 175104K, 4% used [0x00000000e0000000,0x00000000e07f7b90,0x00000000eab00000)
 Metaspace       used 34180K, capacity 35396K, committed 35416K, reserved 1079296K
  class space    used 4776K, capacity 5102K, committed 5120K, reserved 1048576K
Event: 11.561 GC heap after
Heap after GC invocations=9 (full 2):
 PSYoungGen      total 112128K, used 0K [0x00000000f5580000, 0x0000000100000000, 0x0000000100000000)
  eden space 99840K, 0% used [0x00000000f5580000,0x00000000f5580000,0x00000000fb700000)
  from space 12288K, 0% used [0x00000000fb700000,0x00000000fb700000,0x00000000fc300000)
  to   space 12288K, 0% used [0x00000000ff400000,0x00000000ff400000,0x0000000100000000)
 ParOldGen       total 175104K, used 15654K [0x00000000e0000000, 0x00000000eab00000, 0x00000000f5580000)
  object space 175104K, 8% used [0x00000000e0000000,0x00000000e0f49ad0,0x00000000eab00000)
 Metaspace       used 34180K, capacity 35396K, committed 35416K, reserved 1079296K
  class space    used 4776K, capacity 5102K, committed 5120K, reserved 1048576K
}

